<?xml version="1.0" encoding="UTF-8"?>
<!-- Generated by org.testng.reporters.JUnitReportReporter -->
<testsuite hostname="Mr" name="com.leafBot.testcases.TC002CreateLead" tests="2" failures="0" timestamp="8 Sep 2019 10:13:30 GMT" time="69.962" errors="0">
  <testcase name="runCreateLead" time="23.904" classname="com.leafBot.testcases.TC002CreateLead"/>
  <testcase name="runCreateLead" time="46.058" classname="com.leafBot.testcases.TC002CreateLead"/>
</testsuite> <!-- com.leafBot.testcases.TC002CreateLead -->
